============================= test session starts ==============================
platform darwin -- Python 3.9.6, pytest-8.3.4, pluggy-1.6.0
rootdir: /Users/kartik/be_project_2
plugins: cov-6.0.0
collected 96 items / 14 errors

==================================== ERRORS ====================================
__________________ ERROR collecting experiments/test_shor.py ___________________
ImportError while importing test module '/Users/kartik/be_project_2/experiments/test_shor.py'.
Hint: make sure your test modules/packages have valid Python names.
Traceback:
/Library/Developer/CommandLineTools/Library/Frameworks/Python3.framework/Versions/3.9/lib/python3.9/importlib/__init__.py:127: in import_module
    return _bootstrap._gcd_import(name[level:], package, level)
experiments/test_shor.py:1: in <module>
    from qiskit_algorithms import Shor
E   ImportError: cannot import name 'Shor' from 'qiskit_algorithms' (/Users/kartik/be_project/venv/lib/python3.9/site-packages/qiskit_algorithms/__init__.py)
__________________ ERROR collecting experiments/test_shor2.py __________________
ImportError while importing test module '/Users/kartik/be_project_2/experiments/test_shor2.py'.
Hint: make sure your test modules/packages have valid Python names.
Traceback:
/Library/Developer/CommandLineTools/Library/Frameworks/Python3.framework/Versions/3.9/lib/python3.9/importlib/__init__.py:127: in import_module
    return _bootstrap._gcd_import(name[level:], package, level)
experiments/test_shor2.py:2: in <module>
    from qiskit_algorithms import Shor
E   ImportError: cannot import name 'Shor' from 'qiskit_algorithms' (/Users/kartik/be_project/venv/lib/python3.9/site-packages/qiskit_algorithms/__init__.py)
------------------------------- Captured stdout --------------------------------
1. Importing...
______________ ERROR collecting liboqs/tests/test_acvp_vectors.py ______________
liboqs/tests/test_acvp_vectors.py:18: in <module>
    for sig in helpers.available_sigs_by_name():
liboqs/tests/helpers.py:83: in available_sigs_by_name
    with open(os.path.join('src', 'sig', 'sig.h')) as fh:
E   FileNotFoundError: [Errno 2] No such file or directory: 'src/sig/sig.h'
________________ ERROR collecting liboqs/tests/test_alg_info.py ________________
ImportError while importing test module '/Users/kartik/be_project_2/liboqs/tests/test_alg_info.py'.
Hint: make sure your test modules/packages have valid Python names.
Traceback:
/Library/Developer/CommandLineTools/Library/Frameworks/Python3.framework/Versions/3.9/lib/python3.9/importlib/__init__.py:127: in import_module
    return _bootstrap._gcd_import(name[level:], package, level)
liboqs/tests/test_alg_info.py:8: in <module>
    import yaml
E   ModuleNotFoundError: No module named 'yaml'
________________ ERROR collecting liboqs/tests/test_cmdline.py _________________
liboqs/tests/test_cmdline.py:16: in <module>
    @pytest.mark.parametrize('kem_name', helpers.available_kems_by_name())
liboqs/tests/helpers.py:50: in available_kems_by_name
    with open(os.path.join('src', 'kem', 'kem.h')) as fh:
E   FileNotFoundError: [Errno 2] No such file or directory: 'src/kem/kem.h'
____________ ERROR collecting liboqs/tests/test_code_conventions.py ____________
liboqs/tests/test_code_conventions.py:13: in <module>
    @pytest.mark.parametrize('kem_name', helpers.available_kems_by_name())
liboqs/tests/helpers.py:50: in available_kems_by_name
    with open(os.path.join('src', 'kem', 'kem.h')) as fh:
E   FileNotFoundError: [Errno 2] No such file or directory: 'src/kem/kem.h'
_____________ ERROR collecting liboqs/tests/test_constant_time.py ______________
liboqs/tests/test_constant_time.py:228: in <module>
    @helpers.test_requires_build_options(*REQ_LIBOQS_BUILD_OPTS)
liboqs/tests/helpers.py:243: in test_requires_build_options
    with open(os.path.join(get_current_build_dir_name(), 'include', 'oqs', 'oqsconfig.h')) as fh:
E   FileNotFoundError: [Errno 2] No such file or directory: 'build/include/oqs/oqsconfig.h'
_______________ ERROR collecting liboqs/tests/test_distbuild.py ________________
liboqs/tests/test_distbuild.py:19: in <module>
    @pytest.mark.parametrize('kem_name', helpers.available_kems_by_name())
liboqs/tests/helpers.py:50: in available_kems_by_name
    with open(os.path.join('src', 'kem', 'kem.h')) as fh:
E   FileNotFoundError: [Errno 2] No such file or directory: 'src/kem/kem.h'
__________________ ERROR collecting liboqs/tests/test_kat.py ___________________
liboqs/tests/test_kat.py:11: in <module>
    @pytest.mark.parametrize('kem_name', helpers.available_kems_by_name())
liboqs/tests/helpers.py:50: in available_kems_by_name
    with open(os.path.join('src', 'kem', 'kem.h')) as fh:
E   FileNotFoundError: [Errno 2] No such file or directory: 'src/kem/kem.h'
________________ ERROR collecting liboqs/tests/test_kat_all.py _________________
liboqs/tests/test_kat_all.py:11: in <module>
    @pytest.mark.parametrize('kem_name', helpers.available_kems_by_name())
liboqs/tests/helpers.py:50: in available_kems_by_name
    with open(os.path.join('src', 'kem', 'kem.h')) as fh:
E   FileNotFoundError: [Errno 2] No such file or directory: 'src/kem/kem.h'
_________________ ERROR collecting liboqs/tests/test_leaks.py __________________
liboqs/tests/test_leaks.py:10: in <module>
    @pytest.mark.parametrize('kem_name', helpers.available_kems_by_name())
liboqs/tests/helpers.py:50: in available_kems_by_name
    with open(os.path.join('src', 'kem', 'kem.h')) as fh:
E   FileNotFoundError: [Errno 2] No such file or directory: 'src/kem/kem.h'
__________________ ERROR collecting liboqs/tests/test_mem.py ___________________
liboqs/tests/test_mem.py:8: in <module>
    @pytest.mark.parametrize('kem_name', helpers.available_kems_by_name())
liboqs/tests/helpers.py:50: in available_kems_by_name
    with open(os.path.join('src', 'kem', 'kem.h')) as fh:
E   FileNotFoundError: [Errno 2] No such file or directory: 'src/kem/kem.h'
_________________ ERROR collecting liboqs/tests/test_speed.py __________________
liboqs/tests/test_speed.py:10: in <module>
    @pytest.mark.parametrize('kem_name', helpers.available_kems_by_name())
liboqs/tests/helpers.py:50: in available_kems_by_name
    with open(os.path.join('src', 'kem', 'kem.h')) as fh:
E   FileNotFoundError: [Errno 2] No such file or directory: 'src/kem/kem.h'
___________ ERROR collecting liboqs/tests/test_wycheproof_vectors.py ___________
liboqs/tests/test_wycheproof_vectors.py:188: in <module>
    @pytest.mark.parametrize("kem_name", helpers.available_kems_by_name())
liboqs/tests/helpers.py:50: in available_kems_by_name
    with open(os.path.join('src', 'kem', 'kem.h')) as fh:
E   FileNotFoundError: [Errno 2] No such file or directory: 'src/kem/kem.h'
=============================== warnings summary ===============================
../be_project/venv/lib/python3.9/site-packages/qiskit_algorithms/algorithm_job.py:16
  /Users/kartik/be_project/venv/lib/python3.9/site-packages/qiskit_algorithms/algorithm_job.py:16: DeprecationWarning: Using Qiskit with Python 3.9 is deprecated as of the 2.1.0 release. Support for running Qiskit with Python 3.9 will be removed in the 2.3.0 release, which coincides with when Python 3.9 goes end of life.
    from qiskit.primitives.primitive_job import PrimitiveJob

../be_project/venv/lib/python3.9/site-packages/urllib3/__init__.py:35
  /Users/kartik/be_project/venv/lib/python3.9/site-packages/urllib3/__init__.py:35: NotOpenSSLWarning: urllib3 v2 only supports OpenSSL 1.1.1+, currently the 'ssl' module is compiled with 'LibreSSL 2.8.3'. See: https://github.com/urllib3/urllib3/issues/3020
    warnings.warn(

../be_project/venv/lib/python3.9/site-packages/oqs/__init__.py:1
  /Users/kartik/be_project/venv/lib/python3.9/site-packages/oqs/__init__.py:1: UserWarning: liboqs version (major, minor) 0.15.0 differs from liboqs-python version 0.14.1
    from oqs.oqs import (

-- Docs: https://docs.pytest.org/en/stable/how-to/capture-warnings.html
=========================== short test summary info ============================
ERROR experiments/test_shor.py
ERROR experiments/test_shor2.py
ERROR liboqs/tests/test_acvp_vectors.py - FileNotFoundError: [Errno 2] No suc...
ERROR liboqs/tests/test_alg_info.py
ERROR liboqs/tests/test_cmdline.py - FileNotFoundError: [Errno 2] No such fil...
ERROR liboqs/tests/test_code_conventions.py - FileNotFoundError: [Errno 2] No...
ERROR liboqs/tests/test_constant_time.py - FileNotFoundError: [Errno 2] No su...
ERROR liboqs/tests/test_distbuild.py - FileNotFoundError: [Errno 2] No such f...
ERROR liboqs/tests/test_kat.py - FileNotFoundError: [Errno 2] No such file or...
ERROR liboqs/tests/test_kat_all.py - FileNotFoundError: [Errno 2] No such fil...
ERROR liboqs/tests/test_leaks.py - FileNotFoundError: [Errno 2] No such file ...
ERROR liboqs/tests/test_mem.py - FileNotFoundError: [Errno 2] No such file or...
ERROR liboqs/tests/test_speed.py - FileNotFoundError: [Errno 2] No such file ...
ERROR liboqs/tests/test_wycheproof_vectors.py - FileNotFoundError: [Errno 2] ...
!!!!!!!!!!!!!!!!!!! Interrupted: 14 errors during collection !!!!!!!!!!!!!!!!!!!
======================= 3 warnings, 14 errors in 22.29s ========================
